Connecting to database specified by database.yml


Started GET "/" for 86.176.222.6 at 2013-05-01 11:07:20 +0000
Creating scope :open. Overwriting existing method Issue.open.
Processing by IssuesController#new as HTML
Completed 500 Internal Server Error in 1ms

ActiveRecord::StatementInvalid (Could not find table 'issues'):
  app/controllers/issues_controller.rb:15:in `new'
  app/controllers/issues_controller.rb:15:in `new'


  Rendered /home/action/.rvm/gems/ruby-1.9.3-p374/gems/actionpack-3.2.13/lib/action_dispatch/middleware/templates/rescues/_trace.erb (1.6ms)
  Rendered /home/action/.rvm/gems/ruby-1.9.3-p374/gems/actionpack-3.2.13/lib/action_dispatch/middleware/templates/rescues/_request_and_response.erb (1.1ms)
  Rendered /home/action/.rvm/gems/ruby-1.9.3-p374/gems/actionpack-3.2.13/lib/action_dispatch/middleware/templates/rescues/diagnostics.erb within rescues/layout (18.6ms)
Connecting to database specified by database.yml
  [1m[36m (0.2ms)[0m  [1mselect sqlite_version(*)[0m
  [1m[35m (16.6ms)[0m  CREATE TABLE "active_admin_comments" ("id" INTEGER PRIMARY KEY AUTOINCREMENT NOT NULL, "resource_id" varchar(255) NOT NULL, "resource_type" varchar(255) NOT NULL, "author_id" integer, "author_type" varchar(255), "body" text, "created_at" datetime NOT NULL, "updated_at" datetime NOT NULL, "namespace" varchar(255)) 
  [1m[36m (170.9ms)[0m  [1mCREATE INDEX "index_active_admin_comments_on_author_type_and_author_id" ON "active_admin_comments" ("author_type", "author_id")[0m
  [1m[35m (6.0ms)[0m  CREATE INDEX "index_active_admin_comments_on_namespace" ON "active_admin_comments" ("namespace")
  [1m[36m (173.1ms)[0m  [1mCREATE INDEX "index_admin_notes_on_resource_type_and_resource_id" ON "active_admin_comments" ("resource_type", "resource_id")[0m
  [1m[35m (50.1ms)[0m  CREATE TABLE "admin_users" ("id" INTEGER PRIMARY KEY AUTOINCREMENT NOT NULL, "email" varchar(255) DEFAULT '' NOT NULL, "encrypted_password" varchar(255) DEFAULT '' NOT NULL, "reset_password_token" varchar(255), "reset_password_sent_at" datetime, "remember_created_at" datetime, "sign_in_count" integer DEFAULT 0, "current_sign_in_at" datetime, "last_sign_in_at" datetime, "current_sign_in_ip" varchar(255), "last_sign_in_ip" varchar(255), "created_at" datetime NOT NULL, "updated_at" datetime NOT NULL) 
  [1m[36m (5.5ms)[0m  [1mCREATE UNIQUE INDEX "index_admin_users_on_email" ON "admin_users" ("email")[0m
  [1m[35m (4.7ms)[0m  CREATE UNIQUE INDEX "index_admin_users_on_reset_password_token" ON "admin_users" ("reset_password_token")
  [1m[36m (6.2ms)[0m  [1mCREATE TABLE "departments" ("id" INTEGER PRIMARY KEY AUTOINCREMENT NOT NULL, "name" varchar(255), "ref_code" varchar(255), "created_at" datetime NOT NULL, "updated_at" datetime NOT NULL) [0m
  [1m[35m (178.3ms)[0m  CREATE TABLE "issues" ("id" INTEGER PRIMARY KEY AUTOINCREMENT NOT NULL, "ref" varchar(255), "name" varchar(255), "email" varchar(255), "body" text, "created_at" datetime NOT NULL, "updated_at" datetime NOT NULL, "user_id" integer, "department_id" integer, "state" varchar(255), "subject" text) 
  [1m[36m (146.4ms)[0m  [1mCREATE TABLE "replies" ("id" INTEGER PRIMARY KEY AUTOINCREMENT NOT NULL, "issue_id" integer, "user_id" integer, "body" text, "assigned_user_id" integer, "state_change" text, "created_at" datetime NOT NULL, "updated_at" datetime NOT NULL) [0m
  [1m[35m (6.0ms)[0m  CREATE TABLE "users" ("id" INTEGER PRIMARY KEY AUTOINCREMENT NOT NULL, "email" varchar(255) DEFAULT '' NOT NULL, "encrypted_password" varchar(255) DEFAULT '' NOT NULL, "reset_password_token" varchar(255), "reset_password_sent_at" datetime, "remember_created_at" datetime, "sign_in_count" integer DEFAULT 0, "current_sign_in_at" datetime, "last_sign_in_at" datetime, "current_sign_in_ip" varchar(255), "last_sign_in_ip" varchar(255), "created_at" datetime NOT NULL, "updated_at" datetime NOT NULL) 
  [1m[36m (4.8ms)[0m  [1mCREATE UNIQUE INDEX "index_users_on_email" ON "users" ("email")[0m
  [1m[35m (5.6ms)[0m  CREATE UNIQUE INDEX "index_users_on_reset_password_token" ON "users" ("reset_password_token")
  [1m[36m (177.3ms)[0m  [1mCREATE TABLE "schema_migrations" ("version" varchar(255) NOT NULL) [0m
  [1m[35m (139.5ms)[0m  CREATE UNIQUE INDEX "unique_schema_migrations" ON "schema_migrations" ("version")
  [1m[36m (0.1ms)[0m  [1mSELECT version FROM "schema_migrations"[0m
  [1m[35m (17.9ms)[0m  INSERT INTO "schema_migrations" (version) VALUES ('20130501112152')
  [1m[36m (5.4ms)[0m  [1mINSERT INTO "schema_migrations" (version) VALUES ('20130328124555')[0m
  [1m[35m (174.3ms)[0m  INSERT INTO "schema_migrations" (version) VALUES ('20130328131001')
  [1m[36m (100.4ms)[0m  [1mINSERT INTO "schema_migrations" (version) VALUES ('20130328131532')[0m
  [1m[35m (5.8ms)[0m  INSERT INTO "schema_migrations" (version) VALUES ('20130328131536')
  [1m[36m (5.1ms)[0m  [1mINSERT INTO "schema_migrations" (version) VALUES ('20130328131537')[0m
  [1m[35m (5.4ms)[0m  INSERT INTO "schema_migrations" (version) VALUES ('20130328131846')
  [1m[36m (5.6ms)[0m  [1mINSERT INTO "schema_migrations" (version) VALUES ('20130328144148')[0m
  [1m[35m (4.9ms)[0m  INSERT INTO "schema_migrations" (version) VALUES ('20130328185257')
  [1m[36m (5.5ms)[0m  [1mINSERT INTO "schema_migrations" (version) VALUES ('20130328205314')[0m
  [1m[35m (5.3ms)[0m  INSERT INTO "schema_migrations" (version) VALUES ('20130328212152')
  [1m[36m (4.1ms)[0m  [1mSELECT "schema_migrations"."version" FROM "schema_migrations" [0m
  [1m[35mAdminUser Load (0.3ms)[0m  SELECT "admin_users".* FROM "admin_users" WHERE "admin_users"."email" = 'admin@example.com' LIMIT 1
  [1m[36m (0.1ms)[0m  [1mbegin transaction[0m
  [1m[35mAdminUser Exists (0.2ms)[0m  SELECT 1 AS one FROM "admin_users" WHERE "admin_users"."email" = 'admin@example.com' LIMIT 1
Binary data inserted for `string` type on column `encrypted_password`
  [1m[36mSQL (2.6ms)[0m  [1mINSERT INTO "admin_users" ("created_at", "current_sign_in_at", "current_sign_in_ip", "email", "encrypted_password", "last_sign_in_at", "last_sign_in_ip", "remember_created_at", "reset_password_sent_at", "reset_password_token", "sign_in_count", "updated_at") VALUES (?, ?, ?, ?, ?, ?, ?, ?, ?, ?, ?, ?)[0m  [["created_at", Wed, 01 May 2013 11:08:10 UTC +00:00], ["current_sign_in_at", nil], ["current_sign_in_ip", nil], ["email", "admin@example.com"], ["encrypted_password", "$2a$10$Uu1s0q2G7H4L3V2h7QnsfecGL7Lm/QFbkaKxmlvtaNJ8Q6wtRyKyO"], ["last_sign_in_at", nil], ["last_sign_in_ip", nil], ["remember_created_at", nil], ["reset_password_sent_at", nil], ["reset_password_token", nil], ["sign_in_count", 0], ["updated_at", Wed, 01 May 2013 11:08:10 UTC +00:00]]
  [1m[35m (5.0ms)[0m  commit transaction
  [1m[36m (0.1ms)[0m  [1mbegin transaction[0m
  [1m[35mUser Exists (0.2ms)[0m  SELECT 1 AS one FROM "users" WHERE "users"."email" = 'john@example.com' LIMIT 1
Binary data inserted for `string` type on column `encrypted_password`
  [1m[36mSQL (0.7ms)[0m  [1mINSERT INTO "users" ("created_at", "current_sign_in_at", "current_sign_in_ip", "email", "encrypted_password", "last_sign_in_at", "last_sign_in_ip", "remember_created_at", "reset_password_sent_at", "reset_password_token", "sign_in_count", "updated_at") VALUES (?, ?, ?, ?, ?, ?, ?, ?, ?, ?, ?, ?)[0m  [["created_at", Wed, 01 May 2013 11:08:10 UTC +00:00], ["current_sign_in_at", nil], ["current_sign_in_ip", nil], ["email", "john@example.com"], ["encrypted_password", "$2a$10$Jo.HFzNjMh3Dx3KOrfAF1OvN4bV8mz5aHAB0eXxlP7imnMYUVbrIy"], ["last_sign_in_at", nil], ["last_sign_in_ip", nil], ["remember_created_at", nil], ["reset_password_sent_at", nil], ["reset_password_token", nil], ["sign_in_count", 0], ["updated_at", Wed, 01 May 2013 11:08:10 UTC +00:00]]
  [1m[35m (5.0ms)[0m  commit transaction
  [1m[36m (0.1ms)[0m  [1mbegin transaction[0m
  [1m[35mUser Exists (0.2ms)[0m  SELECT 1 AS one FROM "users" WHERE "users"."email" = 'mary@example.com' LIMIT 1
Binary data inserted for `string` type on column `encrypted_password`
  [1m[36mSQL (0.6ms)[0m  [1mINSERT INTO "users" ("created_at", "current_sign_in_at", "current_sign_in_ip", "email", "encrypted_password", "last_sign_in_at", "last_sign_in_ip", "remember_created_at", "reset_password_sent_at", "reset_password_token", "sign_in_count", "updated_at") VALUES (?, ?, ?, ?, ?, ?, ?, ?, ?, ?, ?, ?)[0m  [["created_at", Wed, 01 May 2013 11:08:10 UTC +00:00], ["current_sign_in_at", nil], ["current_sign_in_ip", nil], ["email", "mary@example.com"], ["encrypted_password", "$2a$10$RXLU/UkROoe5F94UlyxCq.60aY8Ed1L3RhB.EzbtcZ3rfl8mt28OC"], ["last_sign_in_at", nil], ["last_sign_in_ip", nil], ["remember_created_at", nil], ["reset_password_sent_at", nil], ["reset_password_token", nil], ["sign_in_count", 0], ["updated_at", Wed, 01 May 2013 11:08:10 UTC +00:00]]
  [1m[35m (5.5ms)[0m  commit transaction
  [1m[36m (0.1ms)[0m  [1mbegin transaction[0m
  [1m[35mSQL (0.6ms)[0m  INSERT INTO "departments" ("created_at", "name", "ref_code", "updated_at") VALUES (?, ?, ?, ?)  [["created_at", Wed, 01 May 2013 11:08:10 UTC +00:00], ["name", "Billing"], ["ref_code", "BIL"], ["updated_at", Wed, 01 May 2013 11:08:10 UTC +00:00]]
  [1m[36m (5.6ms)[0m  [1mcommit transaction[0m
  [1m[35m (0.1ms)[0m  begin transaction
  [1m[36mSQL (0.4ms)[0m  [1mINSERT INTO "departments" ("created_at", "name", "ref_code", "updated_at") VALUES (?, ?, ?, ?)[0m  [["created_at", Wed, 01 May 2013 11:08:10 UTC +00:00], ["name", "Hosting"], ["ref_code", "HOS"], ["updated_at", Wed, 01 May 2013 11:08:10 UTC +00:00]]
  [1m[35m (5.4ms)[0m  commit transaction
  [1m[36m (0.0ms)[0m  [1mbegin transaction[0m
  [1m[35mSQL (0.3ms)[0m  INSERT INTO "departments" ("created_at", "name", "ref_code", "updated_at") VALUES (?, ?, ?, ?)  [["created_at", Wed, 01 May 2013 11:08:10 UTC +00:00], ["name", "DNS"], ["ref_code", "DNS"], ["updated_at", Wed, 01 May 2013 11:08:10 UTC +00:00]]
  [1m[36m (5.5ms)[0m  [1mcommit transaction[0m
  [1m[35m (0.0ms)[0m  begin transaction
  [1m[36mSQL (0.3ms)[0m  [1mINSERT INTO "departments" ("created_at", "name", "ref_code", "updated_at") VALUES (?, ?, ?, ?)[0m  [["created_at", Wed, 01 May 2013 11:08:10 UTC +00:00], ["name", "Email"], ["ref_code", "EML"], ["updated_at", Wed, 01 May 2013 11:08:10 UTC +00:00]]
  [1m[35m (4.5ms)[0m  commit transaction
Creating scope :open. Overwriting existing method Issue.open.
  [1m[36m (0.1ms)[0m  [1mbegin transaction[0m
  [1m[35mDepartment Load (0.3ms)[0m  SELECT "departments".* FROM "departments" WHERE "departments"."id" = 1 LIMIT 1
  [1m[36mIssue Exists (0.1ms)[0m  [1mSELECT 1 AS one FROM "issues" WHERE "issues"."ref" = 'BIL-364288' LIMIT 1[0m
  [1m[35mIssue Exists (0.1ms)[0m  SELECT 1 AS one FROM "issues" WHERE "issues"."ref" = 'BIL-364288' LIMIT 1
  [1m[36mSQL (0.7ms)[0m  [1mINSERT INTO "issues" ("body", "created_at", "department_id", "email", "name", "ref", "state", "subject", "updated_at", "user_id") VALUES (?, ?, ?, ?, ?, ?, ?, ?, ?, ?)[0m  [["body", "Cras vel leo eget urna imperdiet rhoncus."], ["created_at", Wed, 01 May 2013 11:08:10 UTC +00:00], ["department_id", 1], ["email", "cathy@example.com"], ["name", "Cathy"], ["ref", "BIL-364288"], ["state", "waiting_for_staff_response"], ["subject", "Incorrect Payment"], ["updated_at", Wed, 01 May 2013 11:08:10 UTC +00:00], ["user_id", nil]]
  [1m[35m (5.5ms)[0m  commit transaction
  [1m[36m (0.1ms)[0m  [1mbegin transaction[0m
  [1m[35mDepartment Load (0.2ms)[0m  SELECT "departments".* FROM "departments" WHERE "departments"."id" = 2 LIMIT 1
  [1m[36mIssue Exists (0.1ms)[0m  [1mSELECT 1 AS one FROM "issues" WHERE "issues"."ref" = 'HOS-887299' LIMIT 1[0m
  [1m[35mIssue Exists (0.1ms)[0m  SELECT 1 AS one FROM "issues" WHERE "issues"."ref" = 'HOS-887299' LIMIT 1
  [1m[36mSQL (0.4ms)[0m  [1mINSERT INTO "issues" ("body", "created_at", "department_id", "email", "name", "ref", "state", "subject", "updated_at", "user_id") VALUES (?, ?, ?, ?, ?, ?, ?, ?, ?, ?)[0m  [["body", "Cras vel leo eget urna imperdiet rhoncus."], ["created_at", Wed, 01 May 2013 11:08:10 UTC +00:00], ["department_id", 2], ["email", "david@example.com"], ["name", "David"], ["ref", "HOS-887299"], ["state", "waiting_for_staff_response"], ["subject", "No sudo access"], ["updated_at", Wed, 01 May 2013 11:08:10 UTC +00:00], ["user_id", nil]]
  [1m[35m (5.2ms)[0m  commit transaction
  [1m[36m (0.0ms)[0m  [1mbegin transaction[0m
  [1m[35mIssue Exists (0.2ms)[0m  SELECT 1 AS one FROM "issues" WHERE ("issues"."ref" = 'HOS-887299' AND "issues"."id" != 2) LIMIT 1
  [1m[36m (0.2ms)[0m  [1mUPDATE "issues" SET "state" = 'cancelled', "updated_at" = '2013-05-01 11:08:10.840319' WHERE "issues"."id" = 2[0m
  [1m[35m (4.7ms)[0m  commit transaction
  [1m[36m (0.0ms)[0m  [1mbegin transaction[0m
  [1m[35mDepartment Load (0.2ms)[0m  SELECT "departments".* FROM "departments" WHERE "departments"."id" = 3 LIMIT 1
  [1m[36mIssue Exists (0.1ms)[0m  [1mSELECT 1 AS one FROM "issues" WHERE "issues"."ref" = 'DNS-247440' LIMIT 1[0m
  [1m[35mIssue Exists (0.1ms)[0m  SELECT 1 AS one FROM "issues" WHERE "issues"."ref" = 'DNS-247440' LIMIT 1
  [1m[36mSQL (0.4ms)[0m  [1mINSERT INTO "issues" ("body", "created_at", "department_id", "email", "name", "ref", "state", "subject", "updated_at", "user_id") VALUES (?, ?, ?, ?, ?, ?, ?, ?, ?, ?)[0m  [["body", "Cras vel leo eget urna imperdiet rhoncus."], ["created_at", Wed, 01 May 2013 11:08:10 UTC +00:00], ["department_id", 3], ["email", "edwin@example.com"], ["name", "Edwin"], ["ref", "DNS-247440"], ["state", "waiting_for_staff_response"], ["subject", "CNAME records"], ["updated_at", Wed, 01 May 2013 11:08:10 UTC +00:00], ["user_id", nil]]
  [1m[35m (5.4ms)[0m  commit transaction
  [1m[36m (0.0ms)[0m  [1mbegin transaction[0m
  [1m[35mIssue Exists (0.2ms)[0m  SELECT 1 AS one FROM "issues" WHERE ("issues"."ref" = 'DNS-247440' AND "issues"."id" != 3) LIMIT 1
  [1m[36m (0.2ms)[0m  [1mUPDATE "issues" SET "state" = 'completed', "updated_at" = '2013-05-01 11:08:10.860273' WHERE "issues"."id" = 3[0m
  [1m[35m (4.7ms)[0m  commit transaction
  [1m[36m (0.0ms)[0m  [1mbegin transaction[0m
  [1m[35mDepartment Load (0.2ms)[0m  SELECT "departments".* FROM "departments" WHERE "departments"."id" = 2 LIMIT 1
  [1m[36mIssue Exists (0.1ms)[0m  [1mSELECT 1 AS one FROM "issues" WHERE "issues"."ref" = 'HOS-765020' LIMIT 1[0m
  [1m[35mIssue Exists (0.1ms)[0m  SELECT 1 AS one FROM "issues" WHERE "issues"."ref" = 'HOS-765020' LIMIT 1
  [1m[36mSQL (0.3ms)[0m  [1mINSERT INTO "issues" ("body", "created_at", "department_id", "email", "name", "ref", "state", "subject", "updated_at", "user_id") VALUES (?, ?, ?, ?, ?, ?, ?, ?, ?, ?)[0m  [["body", "Cras vel leo eget urna imperdiet rhoncus."], ["created_at", Wed, 01 May 2013 11:08:10 UTC +00:00], ["department_id", 2], ["email", "felix@example.com"], ["name", "Felix"], ["ref", "HOS-765020"], ["state", "waiting_for_staff_response"], ["subject", "Extra disk space"], ["updated_at", Wed, 01 May 2013 11:08:10 UTC +00:00], ["user_id", nil]]
  [1m[35m (5.5ms)[0m  commit transaction
  [1m[36m (0.0ms)[0m  [1mbegin transaction[0m
  [1m[35mIssue Exists (0.1ms)[0m  SELECT 1 AS one FROM "issues" WHERE ("issues"."ref" = 'HOS-765020' AND "issues"."id" != 4) LIMIT 1
  [1m[36m (0.2ms)[0m  [1mUPDATE "issues" SET "state" = 'on_hold', "updated_at" = '2013-05-01 11:08:10.878560' WHERE "issues"."id" = 4[0m
  [1m[35m (5.1ms)[0m  commit transaction
Connecting to database specified by database.yml
  [1m[36m (3.8ms)[0m  [1mSELECT "schema_migrations"."version" FROM "schema_migrations" [0m
  [1m[35m (0.4ms)[0m  select sqlite_version(*)
  [1m[36m (5.4ms)[0m  [1mCREATE TABLE "active_admin_comments" ("id" INTEGER PRIMARY KEY AUTOINCREMENT NOT NULL, "resource_id" varchar(255) NOT NULL, "resource_type" varchar(255) NOT NULL, "author_id" integer, "author_type" varchar(255), "body" text, "created_at" datetime NOT NULL, "updated_at" datetime NOT NULL, "namespace" varchar(255)) [0m
  [1m[35m (4.9ms)[0m  CREATE INDEX "index_active_admin_comments_on_author_type_and_author_id" ON "active_admin_comments" ("author_type", "author_id")
  [1m[36m (5.0ms)[0m  [1mCREATE INDEX "index_active_admin_comments_on_namespace" ON "active_admin_comments" ("namespace")[0m
  [1m[35m (4.7ms)[0m  CREATE INDEX "index_admin_notes_on_resource_type_and_resource_id" ON "active_admin_comments" ("resource_type", "resource_id")
  [1m[36m (28.4ms)[0m  [1mCREATE TABLE "admin_users" ("id" INTEGER PRIMARY KEY AUTOINCREMENT NOT NULL, "email" varchar(255) DEFAULT '' NOT NULL, "encrypted_password" varchar(255) DEFAULT '' NOT NULL, "reset_password_token" varchar(255), "reset_password_sent_at" datetime, "remember_created_at" datetime, "sign_in_count" integer DEFAULT 0, "current_sign_in_at" datetime, "last_sign_in_at" datetime, "current_sign_in_ip" varchar(255), "last_sign_in_ip" varchar(255), "created_at" datetime NOT NULL, "updated_at" datetime NOT NULL) [0m
  [1m[35m (5.8ms)[0m  CREATE UNIQUE INDEX "index_admin_users_on_email" ON "admin_users" ("email")
  [1m[36m (7.1ms)[0m  [1mCREATE UNIQUE INDEX "index_admin_users_on_reset_password_token" ON "admin_users" ("reset_password_token")[0m
  [1m[35m (5.6ms)[0m  CREATE TABLE "departments" ("id" INTEGER PRIMARY KEY AUTOINCREMENT NOT NULL, "name" varchar(255), "ref_code" varchar(255), "created_at" datetime NOT NULL, "updated_at" datetime NOT NULL) 
  [1m[36m (5.2ms)[0m  [1mCREATE TABLE "issues" ("id" INTEGER PRIMARY KEY AUTOINCREMENT NOT NULL, "ref" varchar(255), "name" varchar(255), "email" varchar(255), "body" text, "created_at" datetime NOT NULL, "updated_at" datetime NOT NULL, "user_id" integer, "department_id" integer, "state" varchar(255), "subject" text) [0m
  [1m[35m (7.4ms)[0m  CREATE TABLE "replies" ("id" INTEGER PRIMARY KEY AUTOINCREMENT NOT NULL, "issue_id" integer, "user_id" integer, "body" text, "assigned_user_id" integer, "state_change" text, "created_at" datetime NOT NULL, "updated_at" datetime NOT NULL) 
  [1m[36m (5.8ms)[0m  [1mCREATE TABLE "users" ("id" INTEGER PRIMARY KEY AUTOINCREMENT NOT NULL, "email" varchar(255) DEFAULT '' NOT NULL, "encrypted_password" varchar(255) DEFAULT '' NOT NULL, "reset_password_token" varchar(255), "reset_password_sent_at" datetime, "remember_created_at" datetime, "sign_in_count" integer DEFAULT 0, "current_sign_in_at" datetime, "last_sign_in_at" datetime, "current_sign_in_ip" varchar(255), "last_sign_in_ip" varchar(255), "created_at" datetime NOT NULL, "updated_at" datetime NOT NULL) [0m
  [1m[35m (4.9ms)[0m  CREATE UNIQUE INDEX "index_users_on_email" ON "users" ("email")
  [1m[36m (4.8ms)[0m  [1mCREATE UNIQUE INDEX "index_users_on_reset_password_token" ON "users" ("reset_password_token")[0m
  [1m[35m (5.4ms)[0m  CREATE TABLE "schema_migrations" ("version" varchar(255) NOT NULL) 
  [1m[36m (5.4ms)[0m  [1mCREATE UNIQUE INDEX "unique_schema_migrations" ON "schema_migrations" ("version")[0m
  [1m[35m (0.1ms)[0m  SELECT version FROM "schema_migrations"
  [1m[36m (5.5ms)[0m  [1mINSERT INTO "schema_migrations" (version) VALUES ('20130501112152')[0m
  [1m[35m (4.8ms)[0m  INSERT INTO "schema_migrations" (version) VALUES ('20130328124555')
  [1m[36m (6.8ms)[0m  [1mINSERT INTO "schema_migrations" (version) VALUES ('20130328131001')[0m
  [1m[35m (4.9ms)[0m  INSERT INTO "schema_migrations" (version) VALUES ('20130328131532')
  [1m[36m (4.6ms)[0m  [1mINSERT INTO "schema_migrations" (version) VALUES ('20130328131536')[0m
  [1m[35m (6.6ms)[0m  INSERT INTO "schema_migrations" (version) VALUES ('20130328131537')
  [1m[36m (5.5ms)[0m  [1mINSERT INTO "schema_migrations" (version) VALUES ('20130328131846')[0m
  [1m[35m (5.7ms)[0m  INSERT INTO "schema_migrations" (version) VALUES ('20130328144148')
  [1m[36m (4.5ms)[0m  [1mINSERT INTO "schema_migrations" (version) VALUES ('20130328185257')[0m
  [1m[35m (4.7ms)[0m  INSERT INTO "schema_migrations" (version) VALUES ('20130328205314')
  [1m[36m (6.2ms)[0m  [1mINSERT INTO "schema_migrations" (version) VALUES ('20130328212152')[0m
Connecting to database specified by database.yml


Started GET "/" for 86.176.222.6 at 2013-05-01 11:09:05 +0000
Creating scope :open. Overwriting existing method Issue.open.
Processing by IssuesController#new as HTML
  [1m[36mDepartment Load (0.2ms)[0m  [1mSELECT "departments".* FROM "departments" [0m
  Rendered issues/_form.html.haml (142.8ms)
  Rendered issues/new.html.haml within layouts/application (199.3ms)
WARNING: box-shadow is deprecated and will be removed in the next major version release
         on line 7 of /home/action/.rvm/gems/ruby-1.9.3-p374/gems/bourbon-3.1.1/app/assets/stylesheets/_bourbon-deprecated-upcoming.scss, in `box-shadow'
         from line 6 of /home/action/.rvm/gems/ruby-1.9.3-p374/gems/activeadmin-0.5.1/app/assets/stylesheets/active_admin/mixins/_sections.css.scss, in `section-header'
         from line 16 of /home/action/.rvm/gems/ruby-1.9.3-p374/gems/activeadmin-0.5.1/app/assets/stylesheets/active_admin/_forms.css.scss
         from line 11 of /home/action/.rvm/gems/ruby-1.9.3-p374/gems/activeadmin-0.5.1/app/assets/stylesheets/active_admin/_base.css.scss
         from line 12 of /home/action/workspace/CustomerHelper/app/assets/stylesheets/active_admin.css.scss

WARNING: box-shadow is deprecated and will be removed in the next major version release
         on line 7 of /home/action/.rvm/gems/ruby-1.9.3-p374/gems/bourbon-3.1.1/app/assets/stylesheets/_bourbon-deprecated-upcoming.scss, in `box-shadow'
         from line 24 of /home/action/.rvm/gems/ruby-1.9.3-p374/gems/activeadmin-0.5.1/app/assets/stylesheets/active_admin/mixins/_buttons.css.scss, in `default-button'
         from line 65 of /home/action/.rvm/gems/ruby-1.9.3-p374/gems/activeadmin-0.5.1/app/assets/stylesheets/active_admin/mixins/_buttons.css.scss, in `dark-button'
         from line 181 of /home/action/.rvm/gems/ruby-1.9.3-p374/gems/activeadmin-0.5.1/app/assets/stylesheets/active_admin/_forms.css.scss
         from line 11 of /home/action/.rvm/gems/ruby-1.9.3-p374/gems/activeadmin-0.5.1/app/assets/stylesheets/active_admin/_base.css.scss
         from line 12 of /home/action/workspace/CustomerHelper/app/assets/stylesheets/active_admin.css.scss

WARNING: box-shadow is deprecated and will be removed in the next major version release
         on line 7 of /home/action/.rvm/gems/ruby-1.9.3-p374/gems/bourbon-3.1.1/app/assets/stylesheets/_bourbon-deprecated-upcoming.scss, in `box-shadow'
         from line 35 of /home/action/.rvm/gems/ruby-1.9.3-p374/gems/activeadmin-0.5.1/app/assets/stylesheets/active_admin/mixins/_buttons.css.scss, in `default-button'
         from line 65 of /home/action/.rvm/gems/ruby-1.9.3-p374/gems/activeadmin-0.5.1/app/assets/stylesheets/active_admin/mixins/_buttons.css.scss, in `dark-button'
         from line 181 of /home/action/.rvm/gems/ruby-1.9.3-p374/gems/activeadmin-0.5.1/app/assets/stylesheets/active_admin/_forms.css.scss
         from line 11 of /home/action/.rvm/gems/ruby-1.9.3-p374/gems/activeadmin-0.5.1/app/assets/stylesheets/active_admin/_base.css.scss
         from line 12 of /home/action/workspace/CustomerHelper/app/assets/stylesheets/active_admin.css.scss

WARNING: box-shadow is deprecated and will be removed in the next major version release
         on line 7 of /home/action/.rvm/gems/ruby-1.9.3-p374/gems/bourbon-3.1.1/app/assets/stylesheets/_bourbon-deprecated-upcoming.scss, in `box-shadow'
         from line 44 of /home/action/.rvm/gems/ruby-1.9.3-p374/gems/activeadmin-0.5.1/app/assets/stylesheets/active_admin/mixins/_buttons.css.scss, in `light-button'
         from line 197 of /home/action/.rvm/gems/ruby-1.9.3-p374/gems/activeadmin-0.5.1/app/assets/stylesheets/active_admin/_forms.css.scss
         from line 11 of /home/action/.rvm/gems/ruby-1.9.3-p374/gems/activeadmin-0.5.1/app/assets/stylesheets/active_admin/_base.css.scss
         from line 12 of /home/action/workspace/CustomerHelper/app/assets/stylesheets/active_admin.css.scss

WARNING: box-shadow is deprecated and will be removed in the next major version release
         on line 7 of /home/action/.rvm/gems/ruby-1.9.3-p374/gems/bourbon-3.1.1/app/assets/stylesheets/_bourbon-deprecated-upcoming.scss, in `box-shadow'
         from line 56 of /home/action/.rvm/gems/ruby-1.9.3-p374/gems/activeadmin-0.5.1/app/assets/stylesheets/active_admin/mixins/_buttons.css.scss, in `light-button'
         from line 197 of /home/action/.rvm/gems/ruby-1.9.3-p374/gems/activeadmin-0.5.1/app/assets/stylesheets/active_admin/_forms.css.scss
         from line 11 of /home/action/.rvm/gems/ruby-1.9.3-p374/gems/activeadmin-0.5.1/app/assets/stylesheets/active_admin/_base.css.scss
         from line 12 of /home/action/workspace/CustomerHelper/app/assets/stylesheets/active_admin.css.scss

WARNING: box-shadow is deprecated and will be removed in the next major version release
         on line 7 of /home/action/.rvm/gems/ruby-1.9.3-p374/gems/bourbon-3.1.1/app/assets/stylesheets/_bourbon-deprecated-upcoming.scss, in `box-shadow'
         from line 44 of /home/action/.rvm/gems/ruby-1.9.3-p374/gems/activeadmin-0.5.1/app/assets/stylesheets/active_admin/mixins/_buttons.css.scss, in `light-button'
         from line 279 of /home/action/.rvm/gems/ruby-1.9.3-p374/gems/activeadmin-0.5.1/app/assets/stylesheets/active_admin/_forms.css.scss
         from line 11 of /home/action/.rvm/gems/ruby-1.9.3-p374/gems/activeadmin-0.5.1/app/assets/stylesheets/active_admin/_base.css.scss
         from line 12 of /home/action/workspace/CustomerHelper/app/assets/stylesheets/active_admin.css.scss

WARNING: box-shadow is deprecated and will be removed in the next major version release
         on line 7 of /home/action/.rvm/gems/ruby-1.9.3-p374/gems/bourbon-3.1.1/app/assets/stylesheets/_bourbon-deprecated-upcoming.scss, in `box-shadow'
         from line 56 of /home/action/.rvm/gems/ruby-1.9.3-p374/gems/activeadmin-0.5.1/app/assets/stylesheets/active_admin/mixins/_buttons.css.scss, in `light-button'
         from line 279 of /home/action/.rvm/gems/ruby-1.9.3-p374/gems/activeadmin-0.5.1/app/assets/stylesheets/active_admin/_forms.css.scss
         from line 11 of /home/action/.rvm/gems/ruby-1.9.3-p374/gems/activeadmin-0.5.1/app/assets/stylesheets/active_admin/_base.css.scss
         from line 12 of /home/action/workspace/CustomerHelper/app/assets/stylesheets/active_admin.css.scss

WARNING: box-shadow is deprecated and will be removed in the next major version release
         on line 7 of /home/action/.rvm/gems/ruby-1.9.3-p374/gems/bourbon-3.1.1/app/assets/stylesheets/_bourbon-deprecated-upcoming.scss, in `box-shadow'
         from line 6 of /home/action/.rvm/gems/ruby-1.9.3-p374/gems/activeadmin-0.5.1/app/assets/stylesheets/active_admin/components/_popovers.css.scss
         from line 15 of /home/action/.rvm/gems/ruby-1.9.3-p374/gems/activeadmin-0.5.1/app/assets/stylesheets/active_admin/_base.css.scss
         from line 12 of /home/action/workspace/CustomerHelper/app/assets/stylesheets/active_admin.css.scss

WARNING: box-shadow is deprecated and will be removed in the next major version release
         on line 7 of /home/action/.rvm/gems/ruby-1.9.3-p374/gems/bourbon-3.1.1/app/assets/stylesheets/_bourbon-deprecated-upcoming.scss, in `box-shadow'
         from line 62 of /home/action/.rvm/gems/ruby-1.9.3-p374/gems/activeadmin-0.5.1/app/assets/stylesheets/active_admin/components/_popovers.css.scss
         from line 15 of /home/action/.rvm/gems/ruby-1.9.3-p374/gems/activeadmin-0.5.1/app/assets/stylesheets/active_admin/_base.css.scss
         from line 12 of /home/action/workspace/CustomerHelper/app/assets/stylesheets/active_admin.css.scss

WARNING: box-shadow is deprecated and will be removed in the next major version release
         on line 7 of /home/action/.rvm/gems/ruby-1.9.3-p374/gems/bourbon-3.1.1/app/assets/stylesheets/_bourbon-deprecated-upcoming.scss, in `box-shadow'
         from line 6 of /home/action/.rvm/gems/ruby-1.9.3-p374/gems/activeadmin-0.5.1/app/assets/stylesheets/active_admin/mixins/_sections.css.scss, in `section-header'
         from line 18 of /home/action/.rvm/gems/ruby-1.9.3-p374/gems/activeadmin-0.5.1/app/assets/stylesheets/active_admin/components/_tables.css.scss
         from line 16 of /home/action/.rvm/gems/ruby-1.9.3-p374/gems/activeadmin-0.5.1/app/assets/stylesheets/active_admin/_base.css.scss
         from line 12 of /home/action/workspace/CustomerHelper/app/assets/stylesheets/active_admin.css.scss

WARNING: box-shadow is deprecated and will be removed in the next major version release
         on line 7 of /home/action/.rvm/gems/ruby-1.9.3-p374/gems/bourbon-3.1.1/app/assets/stylesheets/_bourbon-deprecated-upcoming.scss, in `box-shadow'
         from line 44 of /home/action/.rvm/gems/ruby-1.9.3-p374/gems/activeadmin-0.5.1/app/assets/stylesheets/active_admin/mixins/_buttons.css.scss, in `light-button'
         from line 5 of /home/action/.rvm/gems/ruby-1.9.3-p374/gems/activeadmin-0.5.1/app/assets/stylesheets/active_admin/components/_dropdown_menu.scss
         from line 20 of /home/action/.rvm/gems/ruby-1.9.3-p374/gems/activeadmin-0.5.1/app/assets/stylesheets/active_admin/_base.css.scss
         from line 12 of /home/action/workspace/CustomerHelper/app/assets/stylesheets/active_admin.css.scss

WARNING: box-shadow is deprecated and will be removed in the next major version release
         on line 7 of /home/action/.rvm/gems/ruby-1.9.3-p374/gems/bourbon-3.1.1/app/assets/stylesheets/_bourbon-deprecated-upcoming.scss, in `box-shadow'
         from line 56 of /home/action/.rvm/gems/ruby-1.9.3-p374/gems/activeadmin-0.5.1/app/assets/stylesheets/active_admin/mixins/_buttons.css.scss, in `light-button'
         from line 5 of /home/action/.rvm/gems/ruby-1.9.3-p374/gems/activeadmin-0.5.1/app/assets/stylesheets/active_admin/components/_dropdown_menu.scss
         from line 20 of /home/action/.rvm/gems/ruby-1.9.3-p374/gems/activeadmin-0.5.1/app/assets/stylesheets/active_admin/_base.css.scss
         from line 12 of /home/action/workspace/CustomerHelper/app/assets/stylesheets/active_admin.css.scss

WARNING: box-shadow is deprecated and will be removed in the next major version release
         on line 7 of /home/action/.rvm/gems/ruby-1.9.3-p374/gems/bourbon-3.1.1/app/assets/stylesheets/_bourbon-deprecated-upcoming.scss, in `box-shadow'
         from line 83 of /home/action/.rvm/gems/ruby-1.9.3-p374/gems/activeadmin-0.5.1/app/assets/stylesheets/active_admin/components/_dropdown_menu.scss
         from line 20 of /home/action/.rvm/gems/ruby-1.9.3-p374/gems/activeadmin-0.5.1/app/assets/stylesheets/active_admin/_base.css.scss
         from line 12 of /home/action/workspace/CustomerHelper/app/assets/stylesheets/active_admin.css.scss

WARNING: box-shadow is deprecated and will be removed in the next major version release
         on line 7 of /home/action/.rvm/gems/ruby-1.9.3-p374/gems/bourbon-3.1.1/app/assets/stylesheets/_bourbon-deprecated-upcoming.scss, in `box-shadow'
         from line 96 of /home/action/.rvm/gems/ruby-1.9.3-p374/gems/activeadmin-0.5.1/app/assets/stylesheets/active_admin/components/_dropdown_menu.scss
         from line 20 of /home/action/.rvm/gems/ruby-1.9.3-p374/gems/activeadmin-0.5.1/app/assets/stylesheets/active_admin/_base.css.scss
         from line 12 of /home/action/workspace/CustomerHelper/app/assets/stylesheets/active_admin.css.scss

WARNING: box-shadow is deprecated and will be removed in the next major version release
         on line 7 of /home/action/.rvm/gems/ruby-1.9.3-p374/gems/bourbon-3.1.1/app/assets/stylesheets/_bourbon-deprecated-upcoming.scss, in `box-shadow'
         from line 24 of /home/action/.rvm/gems/ruby-1.9.3-p374/gems/activeadmin-0.5.1/app/assets/stylesheets/active_admin/mixins/_buttons.css.scss, in `default-button'
         from line 65 of /home/action/.rvm/gems/ruby-1.9.3-p374/gems/activeadmin-0.5.1/app/assets/stylesheets/active_admin/mixins/_buttons.css.scss, in `dark-button'
         from line 11 of /home/action/.rvm/gems/ruby-1.9.3-p374/gems/activeadmin-0.5.1/app/assets/stylesheets/active_admin/components/_buttons.scss
         from line 21 of /home/action/.rvm/gems/ruby-1.9.3-p374/gems/activeadmin-0.5.1/app/assets/stylesheets/active_admin/_base.css.scss
         from line 12 of /home/action/workspace/CustomerHelper/app/assets/stylesheets/active_admin.css.scss

WARNING: box-shadow is deprecated and will be removed in the next major version release
         on line 7 of /home/action/.rvm/gems/ruby-1.9.3-p374/gems/bourbon-3.1.1/app/assets/stylesheets/_bourbon-deprecated-upcoming.scss, in `box-shadow'
         from line 35 of /home/action/.rvm/gems/ruby-1.9.3-p374/gems/activeadmin-0.5.1/app/assets/stylesheets/active_admin/mixins/_buttons.css.scss, in `default-button'
         from line 65 of /home/action/.rvm/gems/ruby-1.9.3-p374/gems/activeadmin-0.5.1/app/assets/stylesheets/active_admin/mixins/_buttons.css.scss, in `dark-button'
         from line 11 of /home/action/.rvm/gems/ruby-1.9.3-p374/gems/activeadmin-0.5.1/app/assets/stylesheets/active_admin/components/_buttons.scss
         from line 21 of /home/action/.rvm/gems/ruby-1.9.3-p374/gems/activeadmin-0.5.1/app/assets/stylesheets/active_admin/_base.css.scss
         from line 12 of /home/action/workspace/CustomerHelper/app/assets/stylesheets/active_admin.css.scss

WARNING: box-shadow is deprecated and will be removed in the next major version release
         on line 7 of /home/action/.rvm/gems/ruby-1.9.3-p374/gems/bourbon-3.1.1/app/assets/stylesheets/_bourbon-deprecated-upcoming.scss, in `box-shadow'
         from line 44 of /home/action/.rvm/gems/ruby-1.9.3-p374/gems/activeadmin-0.5.1/app/assets/stylesheets/active_admin/mixins/_buttons.css.scss, in `light-button'
         from line 11 of /home/action/.rvm/gems/ruby-1.9.3-p374/gems/activeadmin-0.5.1/app/assets/stylesheets/active_admin/components/_pagination.scss
         from line 24 of /home/action/.rvm/gems/ruby-1.9.3-p374/gems/activeadmin-0.5.1/app/assets/stylesheets/active_admin/_base.css.scss
         from line 12 of /home/action/workspace/CustomerHelper/app/assets/stylesheets/active_admin.css.scss

WARNING: box-shadow is deprecated and will be removed in the next major version release
         on line 7 of /home/action/.rvm/gems/ruby-1.9.3-p374/gems/bourbon-3.1.1/app/assets/stylesheets/_bourbon-deprecated-upcoming.scss, in `box-shadow'
         from line 56 of /home/action/.rvm/gems/ruby-1.9.3-p374/gems/activeadmin-0.5.1/app/assets/stylesheets/active_admin/mixins/_buttons.css.scss, in `light-button'
         from line 11 of /home/action/.rvm/gems/ruby-1.9.3-p374/gems/activeadmin-0.5.1/app/assets/stylesheets/active_admin/components/_pagination.scss
         from line 24 of /home/action/.rvm/gems/ruby-1.9.3-p374/gems/activeadmin-0.5.1/app/assets/stylesheets/active_admin/_base.css.scss
         from line 12 of /home/action/workspace/CustomerHelper/app/assets/stylesheets/active_admin.css.scss

WARNING: box-shadow is deprecated and will be removed in the next major version release
         on line 7 of /home/action/.rvm/gems/ruby-1.9.3-p374/gems/bourbon-3.1.1/app/assets/stylesheets/_bourbon-deprecated-upcoming.scss, in `box-shadow'
         from line 24 of /home/action/.rvm/gems/ruby-1.9.3-p374/gems/activeadmin-0.5.1/app/assets/stylesheets/active_admin/mixins/_buttons.css.scss, in `default-button'
         from line 15 of /home/action/.rvm/gems/ruby-1.9.3-p374/gems/activeadmin-0.5.1/app/assets/stylesheets/active_admin/components/_pagination.scss
         from line 24 of /home/action/.rvm/gems/ruby-1.9.3-p374/gems/activeadmin-0.5.1/app/assets/stylesheets/active_admin/_base.css.scss
         from line 12 of /home/action/workspace/CustomerHelper/app/assets/stylesheets/active_admin.css.scss

WARNING: box-shadow is deprecated and will be removed in the next major version release
         on line 7 of /home/action/.rvm/gems/ruby-1.9.3-p374/gems/bourbon-3.1.1/app/assets/stylesheets/_bourbon-deprecated-upcoming.scss, in `box-shadow'
         from line 35 of /home/action/.rvm/gems/ruby-1.9.3-p374/gems/activeadmin-0.5.1/app/assets/stylesheets/active_admin/mixins/_buttons.css.scss, in `default-button'
         from line 15 of /home/action/.rvm/gems/ruby-1.9.3-p374/gems/activeadmin-0.5.1/app/assets/stylesheets/active_admin/components/_pagination.scss
         from line 24 of /home/action/.rvm/gems/ruby-1.9.3-p374/gems/activeadmin-0.5.1/app/assets/stylesheets/active_admin/_base.css.scss
         from line 12 of /home/action/workspace/CustomerHelper/app/assets/stylesheets/active_admin.css.scss

WARNING: box-shadow is deprecated and will be removed in the next major version release
         on line 7 of /home/action/.rvm/gems/ruby-1.9.3-p374/gems/bourbon-3.1.1/app/assets/stylesheets/_bourbon-deprecated-upcoming.scss, in `box-shadow'
         from line 6 of /home/action/.rvm/gems/ruby-1.9.3-p374/gems/activeadmin-0.5.1/app/assets/stylesheets/active_admin/mixins/_sections.css.scss, in `section-header'
         from line 28 of /home/action/.rvm/gems/ruby-1.9.3-p374/gems/activeadmin-0.5.1/app/assets/stylesheets/active_admin/mixins/_sections.css.scss, in `section'
         from line 2 of /home/action/.rvm/gems/ruby-1.9.3-p374/gems/activeadmin-0.5.1/app/assets/stylesheets/active_admin/components/_panels.scss
         from line 25 of /home/action/.rvm/gems/ruby-1.9.3-p374/gems/activeadmin-0.5.1/app/assets/stylesheets/active_admin/_base.css.scss
         from line 12 of /home/action/workspace/CustomerHelper/app/assets/stylesheets/active_admin.css.scss

WARNING: box-shadow is deprecated and will be removed in the next major version release
         on line 7 of /home/action/.rvm/gems/ruby-1.9.3-p374/gems/bourbon-3.1.1/app/assets/stylesheets/_bourbon-deprecated-upcoming.scss, in `box-shadow'
         from line 6 of /home/action/.rvm/gems/ruby-1.9.3-p374/gems/activeadmin-0.5.1/app/assets/stylesheets/active_admin/mixins/_sections.css.scss, in `section-header'
         from line 28 of /home/action/.rvm/gems/ruby-1.9.3-p374/gems/activeadmin-0.5.1/app/assets/stylesheets/active_admin/mixins/_sections.css.scss, in `section'
         from line 6 of /home/action/.rvm/gems/ruby-1.9.3-p374/gems/activeadmin-0.5.1/app/assets/stylesheets/active_admin/components/_panels.scss
         from line 25 of /home/action/.rvm/gems/ruby-1.9.3-p374/gems/activeadmin-0.5.1/app/assets/stylesheets/active_admin/_base.css.scss
         from line 12 of /home/action/workspace/CustomerHelper/app/assets/stylesheets/active_admin.css.scss

WARNING: box-shadow is deprecated and will be removed in the next major version release
         on line 7 of /home/action/.rvm/gems/ruby-1.9.3-p374/gems/bourbon-3.1.1/app/assets/stylesheets/_bourbon-deprecated-upcoming.scss, in `box-shadow'
         from line 44 of /home/action/.rvm/gems/ruby-1.9.3-p374/gems/activeadmin-0.5.1/app/assets/stylesheets/active_admin/mixins/_buttons.css.scss, in `light-button'
         from line 25 of /home/action/.rvm/gems/ruby-1.9.3-p374/gems/activeadmin-0.5.1/app/assets/stylesheets/active_admin/components/_table_tools.css.scss
         from line 29 of /home/action/.rvm/gems/ruby-1.9.3-p374/gems/activeadmin-0.5.1/app/assets/stylesheets/active_admin/_base.css.scss
         from line 12 of /home/action/workspace/CustomerHelper/app/assets/stylesheets/active_admin.css.scss

WARNING: box-shadow is deprecated and will be removed in the next major version release
         on line 7 of /home/action/.rvm/gems/ruby-1.9.3-p374/gems/bourbon-3.1.1/app/assets/stylesheets/_bourbon-deprecated-upcoming.scss, in `box-shadow'
         from line 56 of /home/action/.rvm/gems/ruby-1.9.3-p374/gems/activeadmin-0.5.1/app/assets/stylesheets/active_admin/mixins/_buttons.css.scss, in `light-button'
         from line 25 of /home/action/.rvm/gems/ruby-1.9.3-p374/gems/activeadmin-0.5.1/app/assets/stylesheets/active_admin/components/_table_tools.css.scss
         from line 29 of /home/action/.rvm/gems/ruby-1.9.3-p374/gems/activeadmin-0.5.1/app/assets/stylesheets/active_admin/_base.css.scss
         from line 12 of /home/action/workspace/CustomerHelper/app/assets/stylesheets/active_admin.css.scss

WARNING: box-shadow is deprecated and will be removed in the next major version release
         on line 7 of /home/action/.rvm/gems/ruby-1.9.3-p374/gems/bourbon-3.1.1/app/assets/stylesheets/_bourbon-deprecated-upcoming.scss, in `box-shadow'
         from line 41 of /home/action/.rvm/gems/ruby-1.9.3-p374/gems/activeadmin-0.5.1/app/assets/stylesheets/active_admin/components/_table_tools.css.scss
         from line 29 of /home/action/.rvm/gems/ruby-1.9.3-p374/gems/activeadmin-0.5.1/app/assets/stylesheets/active_admin/_base.css.scss
         from line 12 of /home/action/workspace/CustomerHelper/app/assets/stylesheets/active_admin.css.scss

WARNING: box-shadow is deprecated and will be removed in the next major version release
         on line 7 of /home/action/.rvm/gems/ruby-1.9.3-p374/gems/bourbon-3.1.1/app/assets/stylesheets/_bourbon-deprecated-upcoming.scss, in `box-shadow'
         from line 84 of /home/action/.rvm/gems/ruby-1.9.3-p374/gems/activeadmin-0.5.1/app/assets/stylesheets/active_admin/components/_table_tools.css.scss
         from line 29 of /home/action/.rvm/gems/ruby-1.9.3-p374/gems/activeadmin-0.5.1/app/assets/stylesheets/active_admin/_base.css.scss
         from line 12 of /home/action/workspace/CustomerHelper/app/assets/stylesheets/active_admin.css.scss

WARNING: box-shadow is deprecated and will be removed in the next major version release
         on line 7 of /home/action/.rvm/gems/ruby-1.9.3-p374/gems/bourbon-3.1.1/app/assets/stylesheets/_bourbon-deprecated-upcoming.scss, in `box-shadow'
         from line 6 of /home/action/.rvm/gems/ruby-1.9.3-p374/gems/activeadmin-0.5.1/app/assets/stylesheets/active_admin/mixins/_sections.css.scss, in `section-header'
         from line 28 of /home/action/.rvm/gems/ruby-1.9.3-p374/gems/activeadmin-0.5.1/app/assets/stylesheets/active_admin/mixins/_sections.css.scss, in `section'
         from line 4 of /home/action/.rvm/gems/ruby-1.9.3-p374/gems/activeadmin-0.5.1/app/assets/stylesheets/active_admin/pages/_dashboard.scss
         from line 30 of /home/action/.rvm/gems/ruby-1.9.3-p374/gems/activeadmin-0.5.1/app/assets/stylesheets/active_admin/_base.css.scss
         from line 12 of /home/action/workspace/CustomerHelper/app/assets/stylesheets/active_admin.css.scss

WARNING: box-shadow is deprecated and will be removed in the next major version release
         on line 7 of /home/action/.rvm/gems/ruby-1.9.3-p374/gems/bourbon-3.1.1/app/assets/stylesheets/_bourbon-deprecated-upcoming.scss, in `box-shadow'
         from line 6 of /home/action/.rvm/gems/ruby-1.9.3-p374/gems/activeadmin-0.5.1/app/assets/stylesheets/active_admin/mixins/_sections.css.scss, in `section-header'
         from line 15 of /home/action/.rvm/gems/ruby-1.9.3-p374/gems/activeadmin-0.5.1/app/assets/stylesheets/active_admin/pages/_logged_out.scss
         from line 31 of /home/action/.rvm/gems/ruby-1.9.3-p374/gems/activeadmin-0.5.1/app/assets/stylesheets/active_admin/_base.css.scss
         from line 12 of /home/action/workspace/CustomerHelper/app/assets/stylesheets/active_admin.css.scss

WARNING: box-shadow is deprecated and will be removed in the next major version release
         on line 7 of /home/action/.rvm/gems/ruby-1.9.3-p374/gems/bourbon-3.1.1/app/assets/stylesheets/_bourbon-deprecated-upcoming.scss, in `box-shadow'
         from line 18 of /home/action/.rvm/gems/ruby-1.9.3-p374/gems/activeadmin-0.5.1/app/assets/stylesheets/active_admin/pages/_logged_out.scss
         from line 31 of /home/action/.rvm/gems/ruby-1.9.3-p374/gems/activeadmin-0.5.1/app/assets/stylesheets/active_admin/_base.css.scss
         from line 12 of /home/action/workspace/CustomerHelper/app/assets/stylesheets/active_admin.css.scss

WARNING: box-shadow is deprecated and will be removed in the next major version release
         on line 7 of /home/action/.rvm/gems/ruby-1.9.3-p374/gems/bourbon-3.1.1/app/assets/stylesheets/_bourbon-deprecated-upcoming.scss, in `box-shadow'
         from line 6 of /home/action/.rvm/gems/ruby-1.9.3-p374/gems/activeadmin-0.5.1/app/assets/stylesheets/active_admin/mixins/_sections.css.scss, in `section-header'
         from line 2 of /home/action/.rvm/gems/ruby-1.9.3-p374/gems/activeadmin-0.5.1/app/assets/stylesheets/active_admin/structure/_title_bar.scss
         from line 34 of /home/action/.rvm/gems/ruby-1.9.3-p374/gems/activeadmin-0.5.1/app/assets/stylesheets/active_admin/_base.css.scss
         from line 12 of /home/action/workspace/CustomerHelper/app/assets/stylesheets/active_admin.css.scss

WARNING: box-shadow is deprecated and will be removed in the next major version release
         on line 7 of /home/action/.rvm/gems/ruby-1.9.3-p374/gems/bourbon-3.1.1/app/assets/stylesheets/_bourbon-deprecated-upcoming.scss, in `box-shadow'
         from line 5 of /home/action/.rvm/gems/ruby-1.9.3-p374/gems/activeadmin-0.5.1/app/assets/stylesheets/active_admin/structure/_title_bar.scss
         from line 34 of /home/action/.rvm/gems/ruby-1.9.3-p374/gems/activeadmin-0.5.1/app/assets/stylesheets/active_admin/_base.css.scss
         from line 12 of /home/action/workspace/CustomerHelper/app/assets/stylesheets/active_admin.css.scss

WARNING: box-shadow is deprecated and will be removed in the next major version release
         on line 7 of /home/action/.rvm/gems/ruby-1.9.3-p374/gems/bourbon-3.1.1/app/assets/stylesheets/_bourbon-deprecated-upcoming.scss, in `box-shadow'
         from line 44 of /home/action/.rvm/gems/ruby-1.9.3-p374/gems/activeadmin-0.5.1/app/assets/stylesheets/active_admin/mixins/_buttons.css.scss, in `light-button'
         from line 34 of /home/action/.rvm/gems/ruby-1.9.3-p374/gems/activeadmin-0.5.1/app/assets/stylesheets/active_admin/structure/_title_bar.scss
         from line 34 of /home/action/.rvm/gems/ruby-1.9.3-p374/gems/activeadmin-0.5.1/app/assets/stylesheets/active_admin/_base.css.scss
         from line 12 of /home/action/workspace/CustomerHelper/app/assets/stylesheets/active_admin.css.scss

WARNING: box-shadow is deprecated and will be removed in the next major version release
         on line 7 of /home/action/.rvm/gems/ruby-1.9.3-p374/gems/bourbon-3.1.1/app/assets/stylesheets/_bourbon-deprecated-upcoming.scss, in `box-shadow'
         from line 56 of /home/action/.rvm/gems/ruby-1.9.3-p374/gems/activeadmin-0.5.1/app/assets/stylesheets/active_admin/mixins/_buttons.css.scss, in `light-button'
         from line 34 of /home/action/.rvm/gems/ruby-1.9.3-p374/gems/activeadmin-0.5.1/app/assets/stylesheets/active_admin/structure/_title_bar.scss
         from line 34 of /home/action/.rvm/gems/ruby-1.9.3-p374/gems/activeadmin-0.5.1/app/assets/stylesheets/active_admin/_base.css.scss
         from line 12 of /home/action/workspace/CustomerHelper/app/assets/stylesheets/active_admin.css.scss

Compiled active_admin.css  (2568ms)  (pid 7095)
Compiled twitter-bootstrap-static/bootstrap.css  (111ms)  (pid 7095)
Compiled twitter-bootstrap-static/fontawesome.css  (17ms)  (pid 7095)
Compiled bootstrap_and_overrides.css  (161ms)  (pid 7095)
Compiled issues.css  (1ms)  (pid 7095)
Compiled application.css  (2893ms)  (pid 7095)
  [1m[35mUser Load (0.2ms)[0m  SELECT "users".* FROM "users" WHERE "users"."id" = 1 LIMIT 1
Compiled jquery.js  (2ms)  (pid 7095)
Compiled jquery_ujs.js  (0ms)  (pid 7095)
Compiled twitter/bootstrap/bootstrap-transition.js  (0ms)  (pid 7095)
Compiled twitter/bootstrap/bootstrap-alert.js  (0ms)  (pid 7095)
Compiled twitter/bootstrap/bootstrap-modal.js  (0ms)  (pid 7095)
Compiled twitter/bootstrap/bootstrap-dropdown.js  (0ms)  (pid 7095)
Compiled twitter/bootstrap/bootstrap-scrollspy.js  (0ms)  (pid 7095)
Compiled twitter/bootstrap/bootstrap-tab.js  (0ms)  (pid 7095)
Compiled twitter/bootstrap/bootstrap-tooltip.js  (0ms)  (pid 7095)
Compiled twitter/bootstrap/bootstrap-popover.js  (0ms)  (pid 7095)
Compiled twitter/bootstrap/bootstrap-button.js  (0ms)  (pid 7095)
Compiled twitter/bootstrap/bootstrap-collapse.js  (0ms)  (pid 7095)
Compiled twitter/bootstrap/bootstrap-carousel.js  (0ms)  (pid 7095)
Compiled twitter/bootstrap/bootstrap-typeahead.js  (0ms)  (pid 7095)
Compiled twitter/bootstrap/bootstrap-affix.js  (0ms)  (pid 7095)
Compiled twitter/bootstrap.js  (291ms)  (pid 7095)
Compiled rails.validations.js  (0ms)  (pid 7095)
Compiled jquery-ui.js  (58ms)  (pid 7095)
Compiled active_admin/lib/namespace.js  (268ms)  (pid 7095)
Compiled active_admin/components/jquery.aa.checkbox-toggler.js  (81ms)  (pid 7095)
Compiled active_admin/components/jquery.aa.dropdown-menu.js  (67ms)  (pid 7095)
Compiled active_admin/components/jquery.aa.popover.js  (54ms)  (pid 7095)
Compiled active_admin/components/jquery.aa.table-checkbox-toggler.js  (22ms)  (pid 7095)
Compiled active_admin/pages/application.js  (2ms)  (pid 7095)
Compiled active_admin/pages/batch_actions.js  (19ms)  (pid 7095)
Compiled active_admin/application.js  (629ms)  (pid 7095)
Compiled active_admin/base.js  (770ms)  (pid 7095)
Compiled active_admin.js  (782ms)  (pid 7095)
Compiled bootstrap.js  (6ms)  (pid 7095)
Compiled issues.js  (0ms)  (pid 7095)
Compiled application.js  (1204ms)  (pid 7095)
Completed 200 OK in 4971ms (Views: 4952.0ms | ActiveRecord: 2.1ms)


Started GET "/assets/application.css?body=1" for 86.176.222.6 at 2013-05-01 11:09:10 +0000
Served asset /application.css - 304 Not Modified (53ms)


Started GET "/assets/active_admin.css?body=1" for 86.176.222.6 at 2013-05-01 11:09:10 +0000
Served asset /active_admin.css - 304 Not Modified (42ms)


Started GET "/assets/twitter-bootstrap-static/fontawesome.css?body=1" for 86.176.222.6 at 2013-05-01 11:09:10 +0000
Served asset /twitter-bootstrap-static/fontawesome.css - 304 Not Modified (5ms)


Started GET "/assets/issues.css?body=1" for 86.176.222.6 at 2013-05-01 11:09:10 +0000
Served asset /issues.css - 304 Not Modified (2ms)


Started GET "/assets/twitter-bootstrap-static/bootstrap.css?body=1" for 86.176.222.6 at 2013-05-01 11:09:10 +0000
Served asset /twitter-bootstrap-static/bootstrap.css - 304 Not Modified (51ms)


Started GET "/assets/bootstrap_and_overrides.css?body=1" for 86.176.222.6 at 2013-05-01 11:09:10 +0000
Served asset /bootstrap_and_overrides.css - 304 Not Modified (6ms)


Started GET "/assets/jquery.js?body=1" for 86.176.222.6 at 2013-05-01 11:09:10 +0000
Served asset /jquery.js - 304 Not Modified (6ms)


Started GET "/assets/twitter/bootstrap/bootstrap-dropdown.js?body=1" for 86.176.222.6 at 2013-05-01 11:09:10 +0000
Served asset /twitter/bootstrap/bootstrap-dropdown.js - 304 Not Modified (7ms)


Started GET "/assets/twitter/bootstrap/bootstrap-modal.js?body=1" for 86.176.222.6 at 2013-05-01 11:09:10 +0000
Served asset /twitter/bootstrap/bootstrap-modal.js - 304 Not Modified (4ms)


Started GET "/assets/jquery_ujs.js?body=1" for 86.176.222.6 at 2013-05-01 11:09:10 +0000
Served asset /jquery_ujs.js - 304 Not Modified (5ms)


Started GET "/assets/twitter/bootstrap/bootstrap-transition.js?body=1" for 86.176.222.6 at 2013-05-01 11:09:10 +0000
Served asset /twitter/bootstrap/bootstrap-transition.js - 304 Not Modified (4ms)


Started GET "/assets/twitter/bootstrap/bootstrap-alert.js?body=1" for 86.176.222.6 at 2013-05-01 11:09:10 +0000
Served asset /twitter/bootstrap/bootstrap-alert.js - 304 Not Modified (6ms)


Started GET "/assets/twitter/bootstrap/bootstrap-scrollspy.js?body=1" for 86.176.222.6 at 2013-05-01 11:09:10 +0000
Served asset /twitter/bootstrap/bootstrap-scrollspy.js - 304 Not Modified (12ms)


Started GET "/assets/twitter/bootstrap/bootstrap-tab.js?body=1" for 86.176.222.6 at 2013-05-01 11:09:10 +0000
Served asset /twitter/bootstrap/bootstrap-tab.js - 304 Not Modified (6ms)


Started GET "/assets/twitter/bootstrap/bootstrap-popover.js?body=1" for 86.176.222.6 at 2013-05-01 11:09:10 +0000
Served asset /twitter/bootstrap/bootstrap-popover.js - 304 Not Modified (4ms)


Started GET "/assets/twitter/bootstrap/bootstrap-tooltip.js?body=1" for 86.176.222.6 at 2013-05-01 11:09:10 +0000
Served asset /twitter/bootstrap/bootstrap-tooltip.js - 304 Not Modified (9ms)


Started GET "/assets/twitter/bootstrap/bootstrap-button.js?body=1" for 86.176.222.6 at 2013-05-01 11:09:10 +0000
Served asset /twitter/bootstrap/bootstrap-button.js - 304 Not Modified (8ms)


Started GET "/assets/twitter/bootstrap/bootstrap-collapse.js?body=1" for 86.176.222.6 at 2013-05-01 11:09:10 +0000
Served asset /twitter/bootstrap/bootstrap-collapse.js - 304 Not Modified (5ms)


Started GET "/assets/twitter/bootstrap/bootstrap-carousel.js?body=1" for 86.176.222.6 at 2013-05-01 11:09:10 +0000
Served asset /twitter/bootstrap/bootstrap-carousel.js - 304 Not Modified (10ms)


Started GET "/assets/twitter/bootstrap/bootstrap-typeahead.js?body=1" for 86.176.222.6 at 2013-05-01 11:09:11 +0000
Served asset /twitter/bootstrap/bootstrap-typeahead.js - 304 Not Modified (8ms)


Started GET "/assets/twitter/bootstrap/bootstrap-affix.js?body=1" for 86.176.222.6 at 2013-05-01 11:09:11 +0000
Served asset /twitter/bootstrap/bootstrap-affix.js - 304 Not Modified (5ms)


Started GET "/assets/twitter/bootstrap.js?body=1" for 86.176.222.6 at 2013-05-01 11:09:11 +0000
Served asset /twitter/bootstrap.js - 304 Not Modified (19ms)


Started GET "/assets/jquery-ui.js?body=1" for 86.176.222.6 at 2013-05-01 11:09:11 +0000
Served asset /jquery-ui.js - 304 Not Modified (8ms)


Started GET "/assets/active_admin/lib/namespace.js?body=1" for 86.176.222.6 at 2013-05-01 11:09:11 +0000
Served asset /active_admin/lib/namespace.js - 304 Not Modified (4ms)


Started GET "/assets/rails.validations.js?body=1" for 86.176.222.6 at 2013-05-01 11:09:11 +0000
Served asset /rails.validations.js - 304 Not Modified (3ms)


Started GET "/assets/active_admin/components/jquery.aa.dropdown-menu.js?body=1" for 86.176.222.6 at 2013-05-01 11:09:11 +0000
Served asset /active_admin/components/jquery.aa.dropdown-menu.js - 304 Not Modified (8ms)


Started GET "/assets/active_admin/components/jquery.aa.checkbox-toggler.js?body=1" for 86.176.222.6 at 2013-05-01 11:09:11 +0000
Served asset /active_admin/components/jquery.aa.checkbox-toggler.js - 304 Not Modified (3ms)


Started GET "/assets/active_admin/components/jquery.aa.popover.js?body=1" for 86.176.222.6 at 2013-05-01 11:09:11 +0000
Served asset /active_admin/components/jquery.aa.popover.js - 304 Not Modified (5ms)


Started GET "/assets/active_admin/pages/application.js?body=1" for 86.176.222.6 at 2013-05-01 11:09:11 +0000
Served asset /active_admin/pages/application.js - 304 Not Modified (6ms)


Started GET "/assets/active_admin/components/jquery.aa.table-checkbox-toggler.js?body=1" for 86.176.222.6 at 2013-05-01 11:09:11 +0000
Served asset /active_admin/components/jquery.aa.table-checkbox-toggler.js - 304 Not Modified (5ms)


Started GET "/assets/active_admin/pages/batch_actions.js?body=1" for 86.176.222.6 at 2013-05-01 11:09:11 +0000
Served asset /active_admin/pages/batch_actions.js - 304 Not Modified (6ms)


Started GET "/assets/active_admin/application.js?body=1" for 86.176.222.6 at 2013-05-01 11:09:11 +0000
Served asset /active_admin/application.js - 304 Not Modified (24ms)


Started GET "/assets/active_admin/base.js?body=1" for 86.176.222.6 at 2013-05-01 11:09:11 +0000
Served asset /active_admin/base.js - 304 Not Modified (87ms)


Started GET "/assets/active_admin.js?body=1" for 86.176.222.6 at 2013-05-01 11:09:11 +0000
Served asset /active_admin.js - 304 Not Modified (25ms)


Started GET "/assets/bootstrap.js?body=1" for 86.176.222.6 at 2013-05-01 11:09:11 +0000
Served asset /bootstrap.js - 304 Not Modified (1ms)


Started GET "/assets/issues.js?body=1" for 86.176.222.6 at 2013-05-01 11:09:11 +0000
Served asset /issues.js - 304 Not Modified (1ms)


Started GET "/assets/application.js?body=1" for 86.176.222.6 at 2013-05-01 11:09:11 +0000
Served asset /application.js - 304 Not Modified (99ms)


Started GET "/users/sign_in" for 86.176.222.6 at 2013-05-01 11:09:22 +0000
Processing by Devise::SessionsController#new as HTML
  Rendered /home/action/.rvm/gems/ruby-1.9.3-p374/gems/devise-2.2.3/app/views/devise/shared/_links.erb (1.4ms)
  Rendered /home/action/.rvm/gems/ruby-1.9.3-p374/gems/devise-2.2.3/app/views/devise/sessions/new.html.erb within layouts/application (9.3ms)
Completed 200 OK in 387ms (Views: 384.2ms | ActiveRecord: 0.0ms)


Started GET "/assets/application.css?body=1" for 86.176.222.6 at 2013-05-01 11:09:23 +0000
Served asset /application.css - 304 Not Modified (31ms)


Started GET "/assets/active_admin.css?body=1" for 86.176.222.6 at 2013-05-01 11:09:23 +0000
Served asset /active_admin.css - 304 Not Modified (64ms)


Started GET "/assets/twitter-bootstrap-static/fontawesome.css?body=1" for 86.176.222.6 at 2013-05-01 11:09:23 +0000
Served asset /twitter-bootstrap-static/fontawesome.css - 304 Not Modified (0ms)


Started GET "/assets/bootstrap_and_overrides.css?body=1" for 86.176.222.6 at 2013-05-01 11:09:23 +0000
Served asset /bootstrap_and_overrides.css - 304 Not Modified (1ms)


Started GET "/assets/twitter-bootstrap-static/bootstrap.css?body=1" for 86.176.222.6 at 2013-05-01 11:09:23 +0000
Served asset /twitter-bootstrap-static/bootstrap.css - 304 Not Modified (0ms)


Started GET "/assets/issues.css?body=1" for 86.176.222.6 at 2013-05-01 11:09:23 +0000
Served asset /issues.css - 304 Not Modified (0ms)


Started GET "/assets/twitter/bootstrap/bootstrap-transition.js?body=1" for 86.176.222.6 at 2013-05-01 11:09:23 +0000
Served asset /twitter/bootstrap/bootstrap-transition.js - 304 Not Modified (3ms)


Started GET "/assets/jquery.js?body=1" for 86.176.222.6 at 2013-05-01 11:09:23 +0000
Served asset /jquery.js - 304 Not Modified (6ms)


Started GET "/assets/twitter/bootstrap/bootstrap-modal.js?body=1" for 86.176.222.6 at 2013-05-01 11:09:23 +0000
Served asset /twitter/bootstrap/bootstrap-modal.js - 304 Not Modified (0ms)


Started GET "/assets/jquery_ujs.js?body=1" for 86.176.222.6 at 2013-05-01 11:09:23 +0000
Served asset /jquery_ujs.js - 304 Not Modified (0ms)


Started GET "/assets/twitter/bootstrap/bootstrap-dropdown.js?body=1" for 86.176.222.6 at 2013-05-01 11:09:23 +0000
Served asset /twitter/bootstrap/bootstrap-dropdown.js - 304 Not Modified (0ms)


Started GET "/assets/twitter/bootstrap/bootstrap-alert.js?body=1" for 86.176.222.6 at 2013-05-01 11:09:23 +0000
Served asset /twitter/bootstrap/bootstrap-alert.js - 304 Not Modified (0ms)


Started GET "/assets/twitter/bootstrap/bootstrap-scrollspy.js?body=1" for 86.176.222.6 at 2013-05-01 11:09:23 +0000
Served asset /twitter/bootstrap/bootstrap-scrollspy.js - 304 Not Modified (1ms)


Started GET "/assets/twitter/bootstrap/bootstrap-tab.js?body=1" for 86.176.222.6 at 2013-05-01 11:09:23 +0000
Served asset /twitter/bootstrap/bootstrap-tab.js - 304 Not Modified (0ms)


Started GET "/assets/twitter/bootstrap/bootstrap-tooltip.js?body=1" for 86.176.222.6 at 2013-05-01 11:09:23 +0000
Served asset /twitter/bootstrap/bootstrap-tooltip.js - 304 Not Modified (0ms)


Started GET "/assets/twitter/bootstrap/bootstrap-popover.js?body=1" for 86.176.222.6 at 2013-05-01 11:09:23 +0000
Served asset /twitter/bootstrap/bootstrap-popover.js - 304 Not Modified (2ms)


Started GET "/assets/twitter/bootstrap/bootstrap-button.js?body=1" for 86.176.222.6 at 2013-05-01 11:09:23 +0000
Served asset /twitter/bootstrap/bootstrap-button.js - 304 Not Modified (1ms)


Started GET "/assets/twitter/bootstrap/bootstrap-collapse.js?body=1" for 86.176.222.6 at 2013-05-01 11:09:23 +0000
Served asset /twitter/bootstrap/bootstrap-collapse.js - 304 Not Modified (4ms)


Started GET "/assets/twitter/bootstrap/bootstrap-carousel.js?body=1" for 86.176.222.6 at 2013-05-01 11:09:23 +0000
Served asset /twitter/bootstrap/bootstrap-carousel.js - 304 Not Modified (1ms)


Started GET "/assets/twitter/bootstrap/bootstrap-typeahead.js?body=1" for 86.176.222.6 at 2013-05-01 11:09:23 +0000
Served asset /twitter/bootstrap/bootstrap-typeahead.js - 304 Not Modified (0ms)


Started GET "/assets/twitter/bootstrap.js?body=1" for 86.176.222.6 at 2013-05-01 11:09:23 +0000
Served asset /twitter/bootstrap.js - 304 Not Modified (9ms)


Started GET "/assets/twitter/bootstrap/bootstrap-affix.js?body=1" for 86.176.222.6 at 2013-05-01 11:09:23 +0000
Served asset /twitter/bootstrap/bootstrap-affix.js - 304 Not Modified (0ms)


Started GET "/assets/rails.validations.js?body=1" for 86.176.222.6 at 2013-05-01 11:09:23 +0000
Served asset /rails.validations.js - 304 Not Modified (0ms)


Started GET "/assets/jquery-ui.js?body=1" for 86.176.222.6 at 2013-05-01 11:09:23 +0000
Served asset /jquery-ui.js - 304 Not Modified (2ms)


Started GET "/assets/active_admin/components/jquery.aa.popover.js?body=1" for 86.176.222.6 at 2013-05-01 11:09:23 +0000
Served asset /active_admin/components/jquery.aa.popover.js - 304 Not Modified (0ms)


Started GET "/assets/active_admin/lib/namespace.js?body=1" for 86.176.222.6 at 2013-05-01 11:09:23 +0000
Served asset /active_admin/lib/namespace.js - 304 Not Modified (0ms)


Started GET "/assets/active_admin/components/jquery.aa.checkbox-toggler.js?body=1" for 86.176.222.6 at 2013-05-01 11:09:23 +0000
Served asset /active_admin/components/jquery.aa.checkbox-toggler.js - 304 Not Modified (0ms)


Started GET "/assets/active_admin/components/jquery.aa.table-checkbox-toggler.js?body=1" for 86.176.222.6 at 2013-05-01 11:09:23 +0000
Served asset /active_admin/components/jquery.aa.table-checkbox-toggler.js - 304 Not Modified (0ms)


Started GET "/assets/active_admin/components/jquery.aa.dropdown-menu.js?body=1" for 86.176.222.6 at 2013-05-01 11:09:23 +0000
Served asset /active_admin/components/jquery.aa.dropdown-menu.js - 304 Not Modified (1ms)


Started GET "/assets/active_admin/pages/application.js?body=1" for 86.176.222.6 at 2013-05-01 11:09:23 +0000
Served asset /active_admin/pages/application.js - 304 Not Modified (0ms)


Started GET "/assets/active_admin/pages/batch_actions.js?body=1" for 86.176.222.6 at 2013-05-01 11:09:23 +0000
Served asset /active_admin/pages/batch_actions.js - 304 Not Modified (0ms)


Started GET "/assets/active_admin/application.js?body=1" for 86.176.222.6 at 2013-05-01 11:09:23 +0000
Served asset /active_admin/application.js - 304 Not Modified (3ms)


Started GET "/assets/active_admin/base.js?body=1" for 86.176.222.6 at 2013-05-01 11:09:23 +0000
Served asset /active_admin/base.js - 304 Not Modified (7ms)


Started GET "/assets/active_admin.js?body=1" for 86.176.222.6 at 2013-05-01 11:09:23 +0000
Served asset /active_admin.js - 304 Not Modified (11ms)


Started GET "/assets/bootstrap.js?body=1" for 86.176.222.6 at 2013-05-01 11:09:23 +0000
Served asset /bootstrap.js - 304 Not Modified (1ms)


Started GET "/assets/issues.js?body=1" for 86.176.222.6 at 2013-05-01 11:09:23 +0000
Served asset /issues.js - 304 Not Modified (0ms)


Started GET "/assets/application.js?body=1" for 86.176.222.6 at 2013-05-01 11:09:23 +0000
Served asset /application.js - 304 Not Modified (62ms)


Started POST "/users/sign_in" for 86.176.222.6 at 2013-05-01 11:09:29 +0000
Processing by Devise::SessionsController#create as HTML
  Parameters: {"utf8"=>"✓", "authenticity_token"=>"ibp00SlLysBJ41hgwVTCOfaYsV2n6orRFJs04E3R2LM=", "user"=>{"email"=>"johnplavery@gmail.com", "password"=>"[FILTERED]", "remember_me"=>"0"}, "commit"=>"Sign in"}
  [1m[36mUser Load (0.3ms)[0m  [1mSELECT "users".* FROM "users" WHERE "users"."email" = 'johnplavery@gmail.com' LIMIT 1[0m
Completed 401 Unauthorized in 11ms
Processing by Devise::SessionsController#new as HTML
  Parameters: {"utf8"=>"✓", "authenticity_token"=>"ibp00SlLysBJ41hgwVTCOfaYsV2n6orRFJs04E3R2LM=", "user"=>{"email"=>"johnplavery@gmail.com", "password"=>"[FILTERED]", "remember_me"=>"0"}, "commit"=>"Sign in"}
  Rendered /home/action/.rvm/gems/ruby-1.9.3-p374/gems/devise-2.2.3/app/views/devise/shared/_links.erb (0.3ms)
  Rendered /home/action/.rvm/gems/ruby-1.9.3-p374/gems/devise-2.2.3/app/views/devise/sessions/new.html.erb within layouts/application (6.8ms)
Completed 200 OK in 483ms (Views: 375.4ms | ActiveRecord: 0.0ms)


Started GET "/assets/application.css?body=1" for 86.176.222.6 at 2013-05-01 11:09:30 +0000
Served asset /application.css - 304 Not Modified (32ms)


Started GET "/assets/twitter-bootstrap-static/fontawesome.css?body=1" for 86.176.222.6 at 2013-05-01 11:09:30 +0000
Served asset /twitter-bootstrap-static/fontawesome.css - 304 Not Modified (0ms)


Started GET "/assets/issues.css?body=1" for 86.176.222.6 at 2013-05-01 11:09:30 +0000
Served asset /issues.css - 304 Not Modified (0ms)


Started GET "/assets/active_admin.css?body=1" for 86.176.222.6 at 2013-05-01 11:09:30 +0000
Served asset /active_admin.css - 304 Not Modified (17ms)


Started GET "/assets/twitter-bootstrap-static/bootstrap.css?body=1" for 86.176.222.6 at 2013-05-01 11:09:30 +0000
Served asset /twitter-bootstrap-static/bootstrap.css - 304 Not Modified (0ms)


Started GET "/assets/bootstrap_and_overrides.css?body=1" for 86.176.222.6 at 2013-05-01 11:09:30 +0000
Served asset /bootstrap_and_overrides.css - 304 Not Modified (1ms)


Started GET "/assets/jquery_ujs.js?body=1" for 86.176.222.6 at 2013-05-01 11:09:30 +0000
Served asset /jquery_ujs.js - 304 Not Modified (0ms)


Started GET "/assets/jquery.js?body=1" for 86.176.222.6 at 2013-05-01 11:09:30 +0000
Served asset /jquery.js - 304 Not Modified (4ms)


Started GET "/assets/twitter/bootstrap/bootstrap-transition.js?body=1" for 86.176.222.6 at 2013-05-01 11:09:30 +0000
Served asset /twitter/bootstrap/bootstrap-transition.js - 304 Not Modified (0ms)


Started GET "/assets/twitter/bootstrap/bootstrap-modal.js?body=1" for 86.176.222.6 at 2013-05-01 11:09:30 +0000
Served asset /twitter/bootstrap/bootstrap-modal.js - 304 Not Modified (0ms)


Started GET "/assets/twitter/bootstrap/bootstrap-dropdown.js?body=1" for 86.176.222.6 at 2013-05-01 11:09:30 +0000
Served asset /twitter/bootstrap/bootstrap-dropdown.js - 304 Not Modified (0ms)


Started GET "/assets/twitter/bootstrap/bootstrap-alert.js?body=1" for 86.176.222.6 at 2013-05-01 11:09:30 +0000
Served asset /twitter/bootstrap/bootstrap-alert.js - 304 Not Modified (0ms)


Started GET "/assets/twitter/bootstrap/bootstrap-scrollspy.js?body=1" for 86.176.222.6 at 2013-05-01 11:09:30 +0000
Served asset /twitter/bootstrap/bootstrap-scrollspy.js - 304 Not Modified (0ms)


Started GET "/assets/twitter/bootstrap/bootstrap-button.js?body=1" for 86.176.222.6 at 2013-05-01 11:09:30 +0000
Served asset /twitter/bootstrap/bootstrap-button.js - 304 Not Modified (2ms)


Started GET "/assets/twitter/bootstrap/bootstrap-tab.js?body=1" for 86.176.222.6 at 2013-05-01 11:09:30 +0000
Served asset /twitter/bootstrap/bootstrap-tab.js - 304 Not Modified (0ms)


Started GET "/assets/twitter/bootstrap/bootstrap-tooltip.js?body=1" for 86.176.222.6 at 2013-05-01 11:09:30 +0000
Served asset /twitter/bootstrap/bootstrap-tooltip.js - 304 Not Modified (0ms)


Started GET "/assets/twitter/bootstrap/bootstrap-collapse.js?body=1" for 86.176.222.6 at 2013-05-01 11:09:30 +0000
Served asset /twitter/bootstrap/bootstrap-collapse.js - 304 Not Modified (1ms)


Started GET "/assets/twitter/bootstrap/bootstrap-popover.js?body=1" for 86.176.222.6 at 2013-05-01 11:09:30 +0000
Served asset /twitter/bootstrap/bootstrap-popover.js - 304 Not Modified (0ms)


Started GET "/assets/twitter/bootstrap/bootstrap-carousel.js?body=1" for 86.176.222.6 at 2013-05-01 11:09:30 +0000
Served asset /twitter/bootstrap/bootstrap-carousel.js - 304 Not Modified (0ms)


Started GET "/assets/twitter/bootstrap/bootstrap-typeahead.js?body=1" for 86.176.222.6 at 2013-05-01 11:09:30 +0000
Served asset /twitter/bootstrap/bootstrap-typeahead.js - 304 Not Modified (0ms)


Started GET "/assets/twitter/bootstrap/bootstrap-affix.js?body=1" for 86.176.222.6 at 2013-05-01 11:09:30 +0000
Served asset /twitter/bootstrap/bootstrap-affix.js - 304 Not Modified (0ms)


Started GET "/assets/rails.validations.js?body=1" for 86.176.222.6 at 2013-05-01 11:09:30 +0000
Served asset /rails.validations.js - 304 Not Modified (1ms)


Started GET "/assets/twitter/bootstrap.js?body=1" for 86.176.222.6 at 2013-05-01 11:09:30 +0000
Served asset /twitter/bootstrap.js - 304 Not Modified (11ms)


Started GET "/assets/active_admin/lib/namespace.js?body=1" for 86.176.222.6 at 2013-05-01 11:09:30 +0000
Served asset /active_admin/lib/namespace.js - 304 Not Modified (0ms)


Started GET "/assets/jquery-ui.js?body=1" for 86.176.222.6 at 2013-05-01 11:09:30 +0000
Served asset /jquery-ui.js - 304 Not Modified (2ms)


Started GET "/assets/active_admin/components/jquery.aa.checkbox-toggler.js?body=1" for 86.176.222.6 at 2013-05-01 11:09:30 +0000
Served asset /active_admin/components/jquery.aa.checkbox-toggler.js - 304 Not Modified (0ms)


Started GET "/assets/active_admin/components/jquery.aa.dropdown-menu.js?body=1" for 86.176.222.6 at 2013-05-01 11:09:30 +0000
Served asset /active_admin/components/jquery.aa.dropdown-menu.js - 304 Not Modified (0ms)


Started GET "/assets/active_admin/components/jquery.aa.popover.js?body=1" for 86.176.222.6 at 2013-05-01 11:09:30 +0000
Served asset /active_admin/components/jquery.aa.popover.js - 304 Not Modified (1ms)


Started GET "/assets/active_admin/components/jquery.aa.table-checkbox-toggler.js?body=1" for 86.176.222.6 at 2013-05-01 11:09:30 +0000
Served asset /active_admin/components/jquery.aa.table-checkbox-toggler.js - 304 Not Modified (0ms)


Started GET "/assets/active_admin/pages/application.js?body=1" for 86.176.222.6 at 2013-05-01 11:09:31 +0000
Served asset /active_admin/pages/application.js - 304 Not Modified (4ms)


Started GET "/assets/active_admin/pages/batch_actions.js?body=1" for 86.176.222.6 at 2013-05-01 11:09:31 +0000
Served asset /active_admin/pages/batch_actions.js - 304 Not Modified (0ms)


Started GET "/assets/active_admin/application.js?body=1" for 86.176.222.6 at 2013-05-01 11:09:31 +0000
Served asset /active_admin/application.js - 304 Not Modified (8ms)


Started GET "/assets/active_admin/base.js?body=1" for 86.176.222.6 at 2013-05-01 11:09:31 +0000
Served asset /active_admin/base.js - 304 Not Modified (11ms)


Started GET "/assets/active_admin.js?body=1" for 86.176.222.6 at 2013-05-01 11:09:31 +0000
Served asset /active_admin.js - 304 Not Modified (14ms)


Started GET "/assets/bootstrap.js?body=1" for 86.176.222.6 at 2013-05-01 11:09:31 +0000
Served asset /bootstrap.js - 304 Not Modified (0ms)


Started GET "/assets/application.js?body=1" for 86.176.222.6 at 2013-05-01 11:09:31 +0000
Served asset /application.js - 304 Not Modified (9ms)


Started GET "/assets/issues.js?body=1" for 86.176.222.6 at 2013-05-01 11:09:31 +0000
Served asset /issues.js - 304 Not Modified (0ms)


Started GET "/admin" for 86.176.222.6 at 2013-05-01 11:09:40 +0000
Processing by Admin::DashboardController#index as HTML
Completed 401 Unauthorized in 2ms


Started GET "/admin/login" for 86.176.222.6 at 2013-05-01 11:09:40 +0000
Processing by ActiveAdmin::Devise::SessionsController#new as HTML
  Rendered /home/action/.rvm/gems/ruby-1.9.3-p374/gems/activeadmin-0.5.1/app/views/active_admin/devise/shared/_links.erb (1.7ms)
  Rendered /home/action/.rvm/gems/ruby-1.9.3-p374/gems/activeadmin-0.5.1/app/views/active_admin/devise/sessions/new.html.erb within layouts/active_admin_logged_out (448.5ms)
Compiled active_admin/print.css  (201ms)  (pid 7095)
Completed 200 OK in 1159ms (Views: 1137.6ms | ActiveRecord: 0.2ms)


Started GET "/assets/jquery.js?body=1" for 86.176.222.6 at 2013-05-01 11:09:42 +0000
Served asset /jquery.js - 304 Not Modified (15ms)


Started GET "/assets/jquery_ujs.js?body=1" for 86.176.222.6 at 2013-05-01 11:09:42 +0000
Served asset /jquery_ujs.js - 304 Not Modified (0ms)


Started GET "/assets/active_admin.css?body=1" for 86.176.222.6 at 2013-05-01 11:09:42 +0000
Served asset /active_admin.css - 304 Not Modified (17ms)


Started GET "/assets/active_admin/lib/namespace.js?body=1" for 86.176.222.6 at 2013-05-01 11:09:42 +0000
Served asset /active_admin/lib/namespace.js - 304 Not Modified (0ms)


Started GET "/assets/active_admin/print.css?body=1" for 86.176.222.6 at 2013-05-01 11:09:42 +0000
Served asset /active_admin/print.css - 304 Not Modified (5ms)


Started GET "/assets/jquery-ui.js?body=1" for 86.176.222.6 at 2013-05-01 11:09:42 +0000
Served asset /jquery-ui.js - 304 Not Modified (4ms)


Started GET "/assets/active_admin/components/jquery.aa.checkbox-toggler.js?body=1" for 86.176.222.6 at 2013-05-01 11:09:42 +0000
Served asset /active_admin/components/jquery.aa.checkbox-toggler.js - 304 Not Modified (0ms)


Started GET "/assets/active_admin/components/jquery.aa.dropdown-menu.js?body=1" for 86.176.222.6 at 2013-05-01 11:09:42 +0000
Served asset /active_admin/components/jquery.aa.dropdown-menu.js - 304 Not Modified (0ms)


Started GET "/assets/active_admin/components/jquery.aa.popover.js?body=1" for 86.176.222.6 at 2013-05-01 11:09:42 +0000
Served asset /active_admin/components/jquery.aa.popover.js - 304 Not Modified (0ms)


Started GET "/assets/active_admin/components/jquery.aa.table-checkbox-toggler.js?body=1" for 86.176.222.6 at 2013-05-01 11:09:42 +0000
Served asset /active_admin/components/jquery.aa.table-checkbox-toggler.js - 304 Not Modified (0ms)


Started GET "/assets/active_admin/pages/application.js?body=1" for 86.176.222.6 at 2013-05-01 11:09:42 +0000
Served asset /active_admin/pages/application.js - 304 Not Modified (2ms)


Started GET "/assets/active_admin/pages/batch_actions.js?body=1" for 86.176.222.6 at 2013-05-01 11:09:42 +0000
Served asset /active_admin/pages/batch_actions.js - 304 Not Modified (0ms)


Started GET "/assets/active_admin/application.js?body=1" for 86.176.222.6 at 2013-05-01 11:09:42 +0000
Served asset /active_admin/application.js - 304 Not Modified (4ms)


Started GET "/assets/active_admin/base.js?body=1" for 86.176.222.6 at 2013-05-01 11:09:42 +0000
Served asset /active_admin/base.js - 304 Not Modified (8ms)


Started GET "/assets/active_admin.js?body=1" for 86.176.222.6 at 2013-05-01 11:09:42 +0000
Served asset /active_admin.js - 304 Not Modified (54ms)


Started POST "/admin/login" for 86.176.222.6 at 2013-05-01 11:09:53 +0000
Processing by ActiveAdmin::Devise::SessionsController#create as HTML
  Parameters: {"utf8"=>"✓", "authenticity_token"=>"ibp00SlLysBJ41hgwVTCOfaYsV2n6orRFJs04E3R2LM=", "admin_user"=>{"email"=>"admin@example.com", "password"=>"[FILTERED]", "remember_me"=>"0"}, "commit"=>"Login"}
  [1m[35mAdminUser Load (0.2ms)[0m  SELECT "admin_users".* FROM "admin_users" WHERE "admin_users"."email" = 'admin@example.com' LIMIT 1
  [1m[36m (0.1ms)[0m  [1mbegin transaction[0m
  [1m[35m (0.6ms)[0m  UPDATE "admin_users" SET "last_sign_in_at" = '2013-05-01 11:09:53.482330', "current_sign_in_at" = '2013-05-01 11:09:53.482330', "last_sign_in_ip" = '86.176.222.6', "current_sign_in_ip" = '86.176.222.6', "sign_in_count" = 1, "updated_at" = '2013-05-01 11:09:53.483874' WHERE "admin_users"."id" = 1
  [1m[36m (14.1ms)[0m  [1mcommit transaction[0m
Redirected to http://my-ruby-box-4866.euw1.actionbox.io:3000/admin
Completed 302 Found in 226ms (ActiveRecord: 0.0ms)


Started GET "/admin" for 86.176.222.6 at 2013-05-01 11:09:53 +0000
Processing by Admin::DashboardController#index as HTML
  [1m[35mAdminUser Load (0.3ms)[0m  SELECT "admin_users".* FROM "admin_users" WHERE "admin_users"."id" = 1 LIMIT 1
  Rendered /home/action/.rvm/gems/ruby-1.9.3-p374/gems/activeadmin-0.5.1/app/views/active_admin/page/index.html.arb (114.0ms)
Completed 200 OK in 123ms (Views: 120.4ms | ActiveRecord: 0.3ms)


Started GET "/assets/active_admin.css?body=1" for 86.176.222.6 at 2013-05-01 11:09:54 +0000
Served asset /active_admin.css - 304 Not Modified (23ms)


Started GET "/assets/active_admin.js" for 86.176.222.6 at 2013-05-01 11:09:54 +0000
Served asset /active_admin.js - 304 Not Modified (5ms)


Started GET "/assets/active_admin/print.css?body=1" for 86.176.222.6 at 2013-05-01 11:09:54 +0000
Served asset /active_admin/print.css - 304 Not Modified (1ms)


Started GET "/admin/departments" for 86.176.222.6 at 2013-05-01 11:09:58 +0000
Processing by Admin::DepartmentsController#index as HTML
  [1m[36mAdminUser Load (0.3ms)[0m  [1mSELECT "admin_users".* FROM "admin_users" WHERE "admin_users"."id" = 1 LIMIT 1[0m
  [1m[35m (0.3ms)[0m  SELECT COUNT(count_column) FROM (SELECT 1 AS count_column FROM "departments" LIMIT 30 OFFSET 0) subquery_for_count 
  [1m[36m (0.1ms)[0m  [1mSELECT COUNT(*) FROM "departments" [0m
  [1m[35mCACHE (0.0ms)[0m  SELECT COUNT(count_column) FROM (SELECT 1 AS count_column FROM "departments" LIMIT 30 OFFSET 0) subquery_for_count 
  [1m[36mDepartment Load (0.3ms)[0m  [1mSELECT "departments".* FROM "departments" ORDER BY "departments"."id" desc LIMIT 30 OFFSET 0[0m
  Rendered /home/action/.rvm/gems/ruby-1.9.3-p374/gems/activeadmin-0.5.1/app/views/active_admin/resource/index.html.arb (357.6ms)
Completed 200 OK in 428ms (Views: 362.6ms | ActiveRecord: 1.0ms)


Started GET "/assets/active_admin/print.css?body=1" for 86.176.222.6 at 2013-05-01 11:09:58 +0000
Served asset /active_admin/print.css - 304 Not Modified (4ms)


Started GET "/assets/active_admin.css?body=1" for 86.176.222.6 at 2013-05-01 11:09:58 +0000
Served asset /active_admin.css - 304 Not Modified (24ms)


Started GET "/assets/active_admin.js" for 86.176.222.6 at 2013-05-01 11:09:58 +0000
Served asset /active_admin.js - 304 Not Modified (6ms)


Started GET "/assets/active_admin/orderable.png" for 86.176.222.6 at 2013-05-01 11:09:59 +0000
Served asset /active_admin/orderable.png - 304 Not Modified (19ms)


Started GET "/assets/active_admin/datepicker/datepicker-input-icon.png" for 86.176.222.6 at 2013-05-01 11:09:59 +0000
Served asset /active_admin/datepicker/datepicker-input-icon.png - 304 Not Modified (15ms)


Started GET "/admin/users" for 86.176.222.6 at 2013-05-01 11:10:20 +0000
Processing by Admin::UsersController#index as HTML
  [1m[35mAdminUser Load (0.3ms)[0m  SELECT "admin_users".* FROM "admin_users" WHERE "admin_users"."id" = 1 LIMIT 1
  [1m[36m (0.3ms)[0m  [1mSELECT COUNT(count_column) FROM (SELECT 1 AS count_column FROM "users" LIMIT 30 OFFSET 0) subquery_for_count [0m
  [1m[35m (0.1ms)[0m  SELECT COUNT(*) FROM "users" 
  [1m[36mCACHE (0.0ms)[0m  [1mSELECT COUNT(count_column) FROM (SELECT 1 AS count_column FROM "users" LIMIT 30 OFFSET 0) subquery_for_count [0m
  [1m[35mUser Load (0.2ms)[0m  SELECT "users".* FROM "users" ORDER BY "users"."id" desc LIMIT 30 OFFSET 0
  Rendered /home/action/.rvm/gems/ruby-1.9.3-p374/gems/activeadmin-0.5.1/app/views/active_admin/resource/index.html.arb (146.3ms)
Completed 200 OK in 155ms (Views: 150.2ms | ActiveRecord: 1.0ms)


Started GET "/assets/active_admin.css?body=1" for 86.176.222.6 at 2013-05-01 11:10:20 +0000
Served asset /active_admin.css - 304 Not Modified (20ms)


Started GET "/assets/active_admin.js" for 86.176.222.6 at 2013-05-01 11:10:20 +0000
Served asset /active_admin.js - 304 Not Modified (7ms)


Started GET "/assets/active_admin/print.css?body=1" for 86.176.222.6 at 2013-05-01 11:10:20 +0000
Served asset /active_admin/print.css - 304 Not Modified (1ms)


Started GET "/assets/active_admin/orderable.png" for 86.176.222.6 at 2013-05-01 11:10:21 +0000
Served asset /active_admin/orderable.png - 304 Not Modified (0ms)
